<?xml version="1.0" encoding="UTF-8"?>
<testng-results ignored="0" total="1" passed="1" failed="0" skipped="0">
  <reporter-output>
  </reporter-output>
  <suite started-at="2023-08-20T19:02:34 IST" name="Default suite" finished-at="2023-08-20T19:02:44 IST" duration-ms="9117">
    <groups>
    </groups>
    <test started-at="2023-08-20T19:02:34 IST" name="Default test" finished-at="2023-08-20T19:02:44 IST" duration-ms="9117">
      <class name="ExtentReportSent.TestClass">
        <test-method is-config="true" signature="setUp()[pri:0, instance:ExtentReportSent.TestClass@477b4cdf]" started-at="2023-08-20T19:02:35 IST" name="setUp" finished-at="2023-08-20T19:02:42 IST" duration-ms="7590" status="PASS">
          <reporter-output>
          </reporter-output>
        </test-method> <!-- setUp -->
        <test-method signature="enterText()[pri:0, instance:ExtentReportSent.TestClass@477b4cdf]" started-at="2023-08-20T19:02:42 IST" name="enterText" finished-at="2023-08-20T19:02:43 IST" duration-ms="858" status="PASS">
          <reporter-output>
          </reporter-output>
        </test-method> <!-- enterText -->
        <test-method is-config="true" signature="afterMethod()[pri:0, instance:ExtentReportSent.TestClass@477b4cdf]" started-at="2023-08-20T19:02:43 IST" name="afterMethod" finished-at="2023-08-20T19:02:44 IST" duration-ms="618" status="PASS">
          <reporter-output>
          </reporter-output>
        </test-method> <!-- afterMethod -->
      </class> <!-- ExtentReportSent.TestClass -->
    </test> <!-- Default test -->
  </suite> <!-- Default suite -->
</testng-results>
